<?xml version="1.0" encoding="UTF-8"?>
<!-- Generated by org.testng.reporters.JUnitReportReporter -->
<testsuite hostname="ADHI" failures="0" tests="1" name="basicsandthreading.ThreadExtendThreadClass" time="5.026" errors="0" timestamp="17 Apr 2024 12:13:21 GMT" skipped="0">
  <testcase classname="basicsandthreading.ThreadExtendThreadClass" name="singleThread" time="5.026"/>
</testsuite> <!-- basicsandthreading.ThreadExtendThreadClass -->
