<?xml version="1.0" encoding="UTF-8"?>
<!-- Generated by org.testng.reporters.JUnitReportReporter -->
<testsuite hostname="ADHI" failures="0" tests="1" name="basicsandthreading.MultiThreadingExtendExample" time="0.006" errors="0" timestamp="17 Apr 2024 12:20:44 GMT" skipped="0">
  <testcase classname="basicsandthreading.MultiThreadingExtendExample" name="MultiThread" time="0.006"/>
</testsuite> <!-- basicsandthreading.MultiThreadingExtendExample -->
