<?xml version="1.0" encoding="UTF-8"?>
<!-- Generated by org.testng.reporters.JUnitReportReporter -->
<testsuite hostname="ADHI" failures="0" tests="1" name="basicsandthreading.BasicsAndThreading" time="0.003" errors="0" timestamp="17 Apr 2024 12:10:01 GMT" skipped="0">
  <testcase classname="basicsandthreading.BasicsAndThreading" name="singleThread" time="0.003"/>
</testsuite> <!-- basicsandthreading.BasicsAndThreading -->
