<?xml version="1.0" encoding="UTF-8"?>
<!-- Generated by org.testng.reporters.JUnitReportReporter -->
<testsuite hostname="ADHI" failures="0" tests="1" name="basicsandthreading.MultiThreading" time="0.010" errors="0" timestamp="17 Apr 2024 12:16:57 GMT" skipped="0">
  <testcase classname="basicsandthreading.MultiThreading" name="MultiThread" time="0.010"/>
</testsuite> <!-- basicsandthreading.MultiThreading -->
