<?xml version="1.0" encoding="UTF-8"?>
<!-- Generated by org.testng.reporters.JUnitReportReporter -->
<testsuite hostname="ADHI" failures="0" tests="1" name="basicsandthreading.LockCondition" time="0.019" errors="0" timestamp="17 Apr 2024 12:49:57 GMT" skipped="0">
  <testcase classname="basicsandthreading.LockCondition" name="main" time="0.019"/>
</testsuite> <!-- basicsandthreading.LockCondition -->
