<?xml version="1.0" encoding="UTF-8"?>
<!-- Generated by org.testng.reporters.JUnitReportReporter -->
<testsuite hostname="ADHI" failures="0" tests="1" name="basicsandthreading.WaitNotify1" time="0.004" errors="0" timestamp="16 Apr 2024 12:23:50 GMT" skipped="0">
  <testcase classname="basicsandthreading.WaitNotify1" name="main" time="0.004"/>
</testsuite> <!-- basicsandthreading.WaitNotify1 -->
